[debug] [2021-02-13T02:14:24.669Z] ----------------------------------------------------------------------
[debug] [2021-02-13T02:14:24.671Z] Command:       C:\Program Files\nodejs\node.exe C:\Users\Udara\AppData\Roaming\npm\node_modules\firebase-tools\lib\bin\firebase.js init
[debug] [2021-02-13T02:14:24.671Z] CLI Version:   9.2.0
[debug] [2021-02-13T02:14:24.671Z] Platform:      win32
[debug] [2021-02-13T02:14:24.672Z] Node Version:  v15.5.1
[debug] [2021-02-13T02:14:24.673Z] Time:          Sat Feb 13 2021 07:44:24 GMT+0530 (India Standard Time)
[debug] [2021-02-13T02:14:24.673Z] ----------------------------------------------------------------------
[debug] [2021-02-13T02:14:24.673Z] 
[debug] [2021-02-13T02:14:24.680Z] > command requires scopes: ["email","openid","https://www.googleapis.com/auth/cloudplatformprojects.readonly","https://www.googleapis.com/auth/firebase","https://www.googleapis.com/auth/cloud-platform"]
[debug] [2021-02-13T02:14:24.681Z] > authorizing via signed-in user
[info] 
     ######## #### ########  ######## ########     ###     ######  ########
     ##        ##  ##     ## ##       ##     ##  ##   ##  ##       ##
     ######    ##  ########  ######   ########  #########  ######  ######
     ##        ##  ##    ##  ##       ##     ## ##     ##       ## ##
     ##       #### ##     ## ######## ########  ##     ##  ######  ########

You're about to initialize a Firebase project in this directory:

  C:\Users\Udara\Desktop\test\instagram-react\instagram-clone

[info] 
=== Project Setup
[info] 
[info] First, let's associate this project directory with a Firebase project.
[info] You can create multiple project aliases by running firebase use --add, 
[info] but for now we'll just set up a default project.
[info] 
[debug] [2021-02-13T02:17:17.501Z] >>> [apiv2][query] GET https://firebase.googleapis.com/v1beta1/projects pageSize=100
[debug] [2021-02-13T02:17:18.510Z] <<< [apiv2][status] GET https://firebase.googleapis.com/v1beta1/projects 200
[debug] [2021-02-13T02:17:18.510Z] <<< [apiv2][body] GET https://firebase.googleapis.com/v1beta1/projects [omitted]
[info] i  Using project instagram-clone-react-4c306 (instagram-clone-react) 
[info] 
=== Hosting Setup
[info] 
[info] Your public directory is the folder (relative to your project directory) that
[info] will contain Hosting assets to be uploaded with firebase deploy. If you
[info] have a build process for your assets, use your build's output directory.
[info] 
[debug] [2021-02-13T02:18:53.649Z] >>> [apiv2][query] GET https://www.gstatic.com/firebasejs/releases.json [none]
[debug] [2021-02-13T02:18:55.676Z] <<< [apiv2][status] GET https://www.gstatic.com/firebasejs/releases.json 200
[debug] [2021-02-13T02:18:55.676Z] <<< [apiv2][body] GET https://www.gstatic.com/firebasejs/releases.json {"current":{"version":"8.2.7","browserURL":"https://www.gstatic.com/firebasejs/8.2.7/firebase.js","packageURL":"https://www.gstatic.com/firebasejs/8.2.7/firebase.tgz"},"live":{"version":"8.2","browserURL":"https://www.gstatic.com/firebasejs/live/8.2/firebase.js","packageURL":"https://www.gstatic.com/firebasejs/live/8.2/firebase.tgz"},"components":{"analytics":"https://www.gstatic.com/firebasejs/8.2.7/firebase-analytics.js","app":"https://www.gstatic.com/firebasejs/8.2.7/firebase-app.js","auth":"https://www.gstatic.com/firebasejs/8.2.7/firebase-auth.js","database":"https://www.gstatic.com/firebasejs/8.2.7/firebase-database.js","firestore":"https://www.gstatic.com/firebasejs/8.2.7/firebase-firestore.js","functions":"https://www.gstatic.com/firebasejs/8.2.7/firebase-functions.js","installations":"https://www.gstatic.com/firebasejs/8.2.7/firebase-installations.js","messaging":"https://www.gstatic.com/firebasejs/8.2.7/firebase-messaging.js","storage":"https://www.gstatic.com/firebasejs/8.2.7/firebase-storage.js","performance":"https://www.gstatic.com/firebasejs/8.2.7/firebase-performance.js","remote-config":"https://www.gstatic.com/firebasejs/8.2.7/firebase-remote-config.js","firestore.memory":"https://www.gstatic.com/firebasejs/8.2.7/firebase-firestore.memory.js"}}
[info] +  Wrote build/index.html 
[info] 
[info] i  Didn't detect a .git folder. Assuming C:\Users\Udara\Desktop\test\instagram-react\instagram-clone is the project root. 
[info] i  Authorizing with GitHub to upload your service account to a GitHub repository's secrets store. 
[info] 
[info] Visit this URL on this device to log in:
[info] https://github.com/login/oauth/authorize?client_id=89cf50f02ac6aaed3484&state=998525302&redirect_uri=http%3A%2F%2Flocalhost%3A9005&scope=read%3Auser%20repo%20public_repo
[info] 
[info] Waiting for authentication...
[debug] [2021-02-13T02:20:16.481Z] >>> HTTP REQUEST POST https://github.com/login/oauth/access_token  
 {"client_id":"89cf50f02ac6aaed3484","client_secret":"3330d14abc895d9a74d5f17cd7a00711fa2c5bf0","code":"e414f882ff6259dea0f2","redirect_uri":"http://localhost:9005","state":"998525302"}
[debug] [2021-02-13T02:20:18.415Z] <<< HTTP RESPONSE 200 {"date":"Sat, 13 Feb 2021 02:20:18 GMT","content-type":"application/json; charset=utf-8","transfer-encoding":"chunked","server":"GitHub.com","vary":"X-PJAX, Accept-Encoding, Accept, X-Requested-With, Accept-Encoding","etag":"W/\"5a6933b9be454c761939717d4edf1372\"","cache-control":"max-age=0, private, must-revalidate","strict-transport-security":"max-age=31536000; includeSubdomains; preload","x-frame-options":"deny","x-content-type-options":"nosniff","x-xss-protection":"1; mode=block","referrer-policy":"origin-when-cross-origin, strict-origin-when-cross-origin","expect-ct":"max-age=2592000, report-uri=\"https://api.github.com/_private/browser/errors\"","content-security-policy":"default-src 'none'; base-uri 'self'; block-all-mixed-content; connect-src 'self' uploads.github.com www.githubstatus.com collector.githubapp.com api.github.com github-cloud.s3.amazonaws.com github-production-repository-file-5c1aeb.s3.amazonaws.com github-production-upload-manifest-file-7fdce7.s3.amazonaws.com github-production-user-asset-6210df.s3.amazonaws.com cdn.optimizely.com logx.optimizely.com/v1/events wss://alive.github.com; font-src github.githubassets.com; form-action 'self' github.com gist.github.com; frame-ancestors 'none'; frame-src render.githubusercontent.com; img-src 'self' data: github.githubassets.com identicons.github.com collector.githubapp.com github-cloud.s3.amazonaws.com user-images.githubusercontent.com/ *.githubusercontent.com; manifest-src 'self'; media-src 'none'; script-src github.githubassets.com; style-src 'unsafe-inline' github.githubassets.com; worker-src github.com/socket-worker-5029ae85.js gist.github.com/socket-worker-5029ae85.js","x-github-request-id":"E7E5:0B43:5DB9ED:6FBB82:60273761"}
[debug] [2021-02-13T02:20:18.418Z] >>> [apiv2][query] GET https://api.github.com/user [none]
[debug] [2021-02-13T02:20:22.069Z] <<< [apiv2][status] GET https://api.github.com/user 200
[debug] [2021-02-13T02:20:22.069Z] <<< [apiv2][body] GET https://api.github.com/user {"login":"wijekoonvu","id":53914805,"node_id":"MDQ6VXNlcjUzOTE0ODA1","avatar_url":"https://avatars.githubusercontent.com/u/53914805?v=4","gravatar_id":"","url":"https://api.github.com/users/wijekoonvu","html_url":"https://github.com/wijekoonvu","followers_url":"https://api.github.com/users/wijekoonvu/followers","following_url":"https://api.github.com/users/wijekoonvu/following{/other_user}","gists_url":"https://api.github.com/users/wijekoonvu/gists{/gist_id}","starred_url":"https://api.github.com/users/wijekoonvu/starred{/owner}{/repo}","subscriptions_url":"https://api.github.com/users/wijekoonvu/subscriptions","organizations_url":"https://api.github.com/users/wijekoonvu/orgs","repos_url":"https://api.github.com/users/wijekoonvu/repos","events_url":"https://api.github.com/users/wijekoonvu/events{/privacy}","received_events_url":"https://api.github.com/users/wijekoonvu/received_events","type":"User","site_admin":false,"name":"Wijekoon VU","company":null,"blog":"","location":null,"email":null,"hireable":null,"bio":"Undergraduate at SLIIT","twitter_username":null,"public_repos":5,"public_gists":0,"followers":0,"following":0,"created_at":"2019-08-08T18:06:21Z","updated_at":"2021-02-13T02:19:05Z","private_gists":0,"total_private_repos":0,"owned_private_repos":0,"disk_usage":5779,"collaborators":0,"two_factor_authentication":false,"plan":{"name":"free","space":976562499,"collaborators":0,"private_repos":10000}}
[info] 
[info] +  Success! Logged into GitHub as wijekoonvu 
[info] 
